2024-10-11 21:38:46,135 - INFO - Loading raw data...
2024-10-11 21:38:46,284 - INFO - Data loaded successfully.
2024-10-11 21:38:46,284 - INFO - Removing duplicates...
2024-10-11 21:38:46,352 - INFO - Duplicates removed.
2024-10-11 21:38:46,352 - INFO - Handling missing values...
2024-10-11 21:38:46,360 - INFO - Missing values handled.
2024-10-11 21:38:46,360 - INFO - Standardizing formats...
2024-10-11 21:38:46,451 - INFO - Formats standardized.
2024-10-11 21:38:46,451 - INFO - Validating data...
2024-10-11 21:38:46,451 - INFO - Data validation complete.
2024-10-11 21:38:46,451 - INFO - Saving cleaned data...
2024-10-11 21:38:46,459 - INFO - Cleaned data saved to ../data/cleaned_data.csv
2024-10-11 21:38:46,459 - INFO - Data cleaning process complete.
2024-10-11 21:57:57,414 - INFO - Loading raw data...
2024-10-11 21:57:57,542 - INFO - Data loaded successfully.
2024-10-11 21:57:57,542 - INFO - Removing duplicates...
2024-10-11 21:57:57,542 - INFO - Duplicates removed.
2024-10-11 21:57:57,542 - INFO - Handling missing values...
2024-10-11 21:57:57,625 - INFO - Missing values handled.
2024-10-11 21:57:57,625 - INFO - Standardizing formats...
2024-10-11 21:57:57,633 - INFO - Formats standardized.
2024-10-11 21:57:57,633 - INFO - Validating data...
2024-10-11 21:57:57,633 - INFO - Data validation complete.
2024-10-11 21:57:57,633 - INFO - Saving cleaned data...
2024-10-11 21:57:57,919 - INFO - Cleaned data saved to ../data/cleaned_data.csv
2024-10-11 21:57:57,919 - INFO - Data cleaning process complete.
2024-10-11 21:58:53,221 - INFO - Loading raw data...
2024-10-11 21:58:53,230 - INFO - Data loaded successfully.
2024-10-11 21:58:53,230 - INFO - Removing duplicates...
2024-10-11 21:58:53,230 - INFO - Duplicates removed.
2024-10-11 21:58:53,230 - INFO - Handling missing values...
2024-10-11 21:58:53,230 - INFO - Missing values handled.
2024-10-11 21:58:53,230 - INFO - Standardizing formats...
2024-10-11 21:58:53,239 - INFO - Formats standardized.
2024-10-11 21:58:53,239 - INFO - Validating data...
2024-10-11 21:58:53,239 - INFO - Data validation complete.
2024-10-11 21:58:53,239 - INFO - Saving cleaned data...
2024-10-11 21:58:53,247 - INFO - Cleaned data saved to ../data/cleaned_data.csv
2024-10-11 21:58:53,247 - INFO - Data cleaning process complete.
2024-10-11 22:09:07,772 - INFO - Loading raw data...
2024-10-11 22:09:07,961 - INFO - Data loaded successfully.
2024-10-11 22:09:07,961 - INFO - Removing duplicates...
2024-10-11 22:09:07,969 - INFO - Duplicates removed.
2024-10-11 22:09:07,969 - INFO - Handling missing values...
2024-10-11 22:09:08,060 - INFO - Missing values handled.
2024-10-11 22:09:08,060 - INFO - Standardizing formats...
2024-10-11 22:09:08,068 - INFO - Formats standardized.
2024-10-11 22:09:08,068 - INFO - Validating data...
2024-10-11 22:09:08,068 - INFO - Data validation complete.
2024-10-11 22:09:08,068 - INFO - Saving cleaned data...
2024-10-11 22:09:08,174 - INFO - Cleaned data saved to ../data/cleaned_data.csv
2024-10-11 22:09:08,174 - INFO - Data cleaning process complete.
2024-10-11 23:29:28,676 - INFO - Loading raw data...
2024-10-11 23:29:29,139 - INFO - Data loaded successfully.
2024-10-11 23:29:29,140 - INFO - Removing duplicates...
2024-10-11 23:29:29,141 - INFO - Duplicates removed.
2024-10-11 23:29:29,141 - INFO - Handling missing values...
2024-10-11 23:29:29,283 - INFO - Missing values handled.
2024-10-11 23:29:29,283 - INFO - Standardizing formats...
2024-10-11 23:29:29,287 - INFO - Formats standardized.
2024-10-11 23:29:29,287 - INFO - Validating data...
2024-10-11 23:29:29,287 - INFO - Data validation complete.
2024-10-11 23:29:29,288 - INFO - Saving cleaned data...
2024-10-11 23:29:29,475 - INFO - Cleaned data saved to ../data/cleaned_data.csv
2024-10-11 23:29:29,475 - INFO - Data cleaning process complete.
